{"C:\\Users\\nparvathaneni\\projects\\node-crud-api-ssql-schema\\app.js": {"path":"C:\\Users\\nparvathaneni\\projects\\node-crud-api-ssql-schema\\app.js","statementMap":{"0":{"start":{"line":1,"column":0},"end":{"line":1,"column":27}},"1":{"start":{"line":2,"column":16},"end":{"line":2,"column":34}},"2":{"start":{"line":3,"column":13},"end":{"line":3,"column":28}},"3":{"start":{"line":5,"column":22},"end":{"line":5,"column":41}},"4":{"start":{"line":7,"column":12},"end":{"line":7,"column":21}},"5":{"start":{"line":9,"column":0},"end":{"line":9,"column":16}},"6":{"start":{"line":10,"column":0},"end":{"line":10,"column":24}},"7":{"start":{"line":12,"column":0},"end":{"line":12,"column":31}},"8":{"start":{"line":14,"column":0},"end":{"line":16,"column":3}},"9":{"start":{"line":15,"column":4},"end":{"line":15,"column":40}},"10":{"start":{"line":18,"column":0},"end":{"line":18,"column":21}}},"fnMap":{"0":{"name":"(anonymous_0)","decl":{"start":{"line":14,"column":13},"end":{"line":14,"column":14}},"loc":{"start":{"line":14,"column":27},"end":{"line":16,"column":1}},"line":14}},"branchMap":{},"s":{"0":1,"1":1,"2":1,"3":1,"4":1,"5":1,"6":1,"7":1,"8":1,"9":1,"10":1},"f":{"0":1},"b":{},"_coverageSchema":"1a1c01bbd47fc00a2c39e90264f33305004495a9","hash":"8a8fca826cf3618b353be45afd4266013ffdd3be"}
,"C:\\Users\\nparvathaneni\\projects\\node-crud-api-ssql-schema\\config\\db.js": {"path":"C:\\Users\\nparvathaneni\\projects\\node-crud-api-ssql-schema\\config\\db.js","statementMap":{"0":{"start":{"line":1,"column":12},"end":{"line":1,"column":28}},"1":{"start":{"line":2,"column":0},"end":{"line":2,"column":27}},"2":{"start":{"line":3,"column":15},"end":{"line":12,"column":1}},"3":{"start":{"line":16,"column":18},"end":{"line":23,"column":1}},"4":{"start":{"line":17,"column":4},"end":{"line":22,"column":5}},"5":{"start":{"line":18,"column":8},"end":{"line":18,"column":41}},"6":{"start":{"line":19,"column":8},"end":{"line":19,"column":47}},"7":{"start":{"line":21,"column":8},"end":{"line":21,"column":52}},"8":{"start":{"line":25,"column":16},"end":{"line":28,"column":1}},"9":{"start":{"line":26,"column":4},"end":{"line":26,"column":51}},"10":{"start":{"line":26,"column":15},"end":{"line":26,"column":51}},"11":{"start":{"line":27,"column":4},"end":{"line":27,"column":16}},"12":{"start":{"line":30,"column":0},"end":{"line":30,"column":45}}},"fnMap":{"0":{"name":"(anonymous_0)","decl":{"start":{"line":16,"column":18},"end":{"line":16,"column":19}},"loc":{"start":{"line":16,"column":30},"end":{"line":23,"column":1}},"line":16},"1":{"name":"(anonymous_1)","decl":{"start":{"line":25,"column":16},"end":{"line":25,"column":17}},"loc":{"start":{"line":25,"column":22},"end":{"line":28,"column":1}},"line":25}},"branchMap":{"0":{"loc":{"start":{"line":26,"column":4},"end":{"line":26,"column":51}},"type":"if","locations":[{"start":{"line":26,"column":4},"end":{"line":26,"column":51}},{"start":{},"end":{}}],"line":26}},"s":{"0":2,"1":2,"2":2,"3":2,"4":1,"5":1,"6":1,"7":0,"8":2,"9":2,"10":1,"11":1,"12":2},"f":{"0":1,"1":2},"b":{"0":[1,1]},"_coverageSchema":"1a1c01bbd47fc00a2c39e90264f33305004495a9","hash":"4337a70934c61f80ae52d0a174c3a8629593448f"}
,"C:\\Users\\nparvathaneni\\projects\\node-crud-api-ssql-schema\\controllers\\index.js": {"path":"C:\\Users\\nparvathaneni\\projects\\node-crud-api-ssql-schema\\controllers\\index.js","statementMap":{"0":{"start":{"line":1,"column":19},"end":{"line":1,"column":52}},"1":{"start":{"line":3,"column":22},"end":{"line":10,"column":1}},"2":{"start":{"line":4,"column":4},"end":{"line":9,"column":5}},"3":{"start":{"line":5,"column":23},"end":{"line":5,"column":63}},"4":{"start":{"line":6,"column":8},"end":{"line":6,"column":25}},"5":{"start":{"line":8,"column":8},"end":{"line":8,"column":53}},"6":{"start":{"line":12,"column":22},"end":{"line":19,"column":1}},"7":{"start":{"line":13,"column":4},"end":{"line":18,"column":5}},"8":{"start":{"line":14,"column":23},"end":{"line":14,"column":63}},"9":{"start":{"line":15,"column":8},"end":{"line":15,"column":25}},"10":{"start":{"line":17,"column":8},"end":{"line":17,"column":53}},"11":{"start":{"line":21,"column":21},"end":{"line":28,"column":1}},"12":{"start":{"line":22,"column":4},"end":{"line":27,"column":5}},"13":{"start":{"line":23,"column":23},"end":{"line":23,"column":62}},"14":{"start":{"line":24,"column":8},"end":{"line":24,"column":25}},"15":{"start":{"line":26,"column":8},"end":{"line":26,"column":53}},"16":{"start":{"line":30,"column":22},"end":{"line":45,"column":1}},"17":{"start":{"line":31,"column":4},"end":{"line":44,"column":5}},"18":{"start":{"line":33,"column":26},"end":{"line":33,"column":54}},"19":{"start":{"line":34,"column":26},"end":{"line":34,"column":53}},"20":{"start":{"line":36,"column":8},"end":{"line":38,"column":9}},"21":{"start":{"line":37,"column":12},"end":{"line":37,"column":99}},"22":{"start":{"line":40,"column":23},"end":{"line":40,"column":74}},"23":{"start":{"line":41,"column":8},"end":{"line":41,"column":25}},"24":{"start":{"line":43,"column":8},"end":{"line":43,"column":53}},"25":{"start":{"line":47,"column":22},"end":{"line":62,"column":1}},"26":{"start":{"line":48,"column":4},"end":{"line":61,"column":5}},"27":{"start":{"line":50,"column":26},"end":{"line":50,"column":54}},"28":{"start":{"line":51,"column":26},"end":{"line":51,"column":53}},"29":{"start":{"line":53,"column":8},"end":{"line":55,"column":9}},"30":{"start":{"line":54,"column":12},"end":{"line":54,"column":99}},"31":{"start":{"line":57,"column":23},"end":{"line":57,"column":74}},"32":{"start":{"line":58,"column":8},"end":{"line":58,"column":25}},"33":{"start":{"line":60,"column":8},"end":{"line":60,"column":53}},"34":{"start":{"line":64,"column":20},"end":{"line":71,"column":1}},"35":{"start":{"line":65,"column":4},"end":{"line":70,"column":5}},"36":{"start":{"line":66,"column":23},"end":{"line":66,"column":53}},"37":{"start":{"line":67,"column":8},"end":{"line":67,"column":25}},"38":{"start":{"line":69,"column":8},"end":{"line":69,"column":53}},"39":{"start":{"line":73,"column":20},"end":{"line":80,"column":1}},"40":{"start":{"line":74,"column":4},"end":{"line":79,"column":5}},"41":{"start":{"line":75,"column":23},"end":{"line":75,"column":53}},"42":{"start":{"line":76,"column":8},"end":{"line":76,"column":25}},"43":{"start":{"line":78,"column":8},"end":{"line":78,"column":53}},"44":{"start":{"line":82,"column":19},"end":{"line":89,"column":1}},"45":{"start":{"line":83,"column":4},"end":{"line":88,"column":5}},"46":{"start":{"line":84,"column":23},"end":{"line":84,"column":52}},"47":{"start":{"line":85,"column":8},"end":{"line":85,"column":25}},"48":{"start":{"line":87,"column":8},"end":{"line":87,"column":53}},"49":{"start":{"line":91,"column":0},"end":{"line":100,"column":2}}},"fnMap":{"0":{"name":"(anonymous_0)","decl":{"start":{"line":3,"column":22},"end":{"line":3,"column":23}},"loc":{"start":{"line":3,"column":42},"end":{"line":10,"column":1}},"line":3},"1":{"name":"(anonymous_1)","decl":{"start":{"line":12,"column":22},"end":{"line":12,"column":23}},"loc":{"start":{"line":12,"column":42},"end":{"line":19,"column":1}},"line":12},"2":{"name":"(anonymous_2)","decl":{"start":{"line":21,"column":21},"end":{"line":21,"column":22}},"loc":{"start":{"line":21,"column":41},"end":{"line":28,"column":1}},"line":21},"3":{"name":"(anonymous_3)","decl":{"start":{"line":30,"column":22},"end":{"line":30,"column":23}},"loc":{"start":{"line":30,"column":42},"end":{"line":45,"column":1}},"line":30},"4":{"name":"(anonymous_4)","decl":{"start":{"line":47,"column":22},"end":{"line":47,"column":23}},"loc":{"start":{"line":47,"column":42},"end":{"line":62,"column":1}},"line":47},"5":{"name":"(anonymous_5)","decl":{"start":{"line":64,"column":20},"end":{"line":64,"column":21}},"loc":{"start":{"line":64,"column":40},"end":{"line":71,"column":1}},"line":64},"6":{"name":"(anonymous_6)","decl":{"start":{"line":73,"column":20},"end":{"line":73,"column":21}},"loc":{"start":{"line":73,"column":40},"end":{"line":80,"column":1}},"line":73},"7":{"name":"(anonymous_7)","decl":{"start":{"line":82,"column":19},"end":{"line":82,"column":20}},"loc":{"start":{"line":82,"column":39},"end":{"line":89,"column":1}},"line":82}},"branchMap":{"0":{"loc":{"start":{"line":36,"column":8},"end":{"line":38,"column":9}},"type":"if","locations":[{"start":{"line":36,"column":8},"end":{"line":38,"column":9}},{"start":{},"end":{}}],"line":36},"1":{"loc":{"start":{"line":36,"column":12},"end":{"line":36,"column":47}},"type":"binary-expr","locations":[{"start":{"line":36,"column":12},"end":{"line":36,"column":28}},{"start":{"line":36,"column":32},"end":{"line":36,"column":47}}],"line":36},"2":{"loc":{"start":{"line":53,"column":8},"end":{"line":55,"column":9}},"type":"if","locations":[{"start":{"line":53,"column":8},"end":{"line":55,"column":9}},{"start":{},"end":{}}],"line":53},"3":{"loc":{"start":{"line":53,"column":12},"end":{"line":53,"column":47}},"type":"binary-expr","locations":[{"start":{"line":53,"column":12},"end":{"line":53,"column":28}},{"start":{"line":53,"column":32},"end":{"line":53,"column":47}}],"line":53}},"s":{"0":2,"1":2,"2":2,"3":2,"4":2,"5":0,"6":2,"7":2,"8":2,"9":1,"10":1,"11":2,"12":1,"13":1,"14":1,"15":0,"16":2,"17":4,"18":4,"19":4,"20":4,"21":2,"22":2,"23":2,"24":0,"25":2,"26":4,"27":4,"28":4,"29":4,"30":2,"31":2,"32":2,"33":0,"34":2,"35":2,"36":2,"37":2,"38":0,"39":2,"40":1,"41":1,"42":1,"43":0,"44":2,"45":3,"46":3,"47":1,"48":2,"49":2},"f":{"0":2,"1":2,"2":1,"3":4,"4":4,"5":2,"6":1,"7":3},"b":{"0":[2,2],"1":[4,2],"2":[2,2],"3":[4,3]},"_coverageSchema":"1a1c01bbd47fc00a2c39e90264f33305004495a9","hash":"cf2df0340c8bba83f38e1a634ac9df15d18ac88b"}
,"C:\\Users\\nparvathaneni\\projects\\node-crud-api-ssql-schema\\routes\\index.js": {"path":"C:\\Users\\nparvathaneni\\projects\\node-crud-api-ssql-schema\\routes\\index.js","statementMap":{"0":{"start":{"line":1,"column":16},"end":{"line":1,"column":34}},"1":{"start":{"line":2,"column":15},"end":{"line":2,"column":31}},"2":{"start":{"line":13,"column":4},"end":{"line":13,"column":29}},"3":{"start":{"line":15,"column":0},"end":{"line":15,"column":37}},"4":{"start":{"line":16,"column":0},"end":{"line":16,"column":37}},"5":{"start":{"line":17,"column":0},"end":{"line":17,"column":35}},"6":{"start":{"line":19,"column":0},"end":{"line":19,"column":40}},"7":{"start":{"line":20,"column":0},"end":{"line":20,"column":40}},"8":{"start":{"line":21,"column":0},"end":{"line":21,"column":38}},"9":{"start":{"line":23,"column":0},"end":{"line":23,"column":47}},"10":{"start":{"line":25,"column":0},"end":{"line":25,"column":53}},"11":{"start":{"line":27,"column":0},"end":{"line":27,"column":24}}},"fnMap":{},"branchMap":{},"s":{"0":1,"1":1,"2":1,"3":1,"4":1,"5":1,"6":1,"7":1,"8":1,"9":1,"10":1,"11":1},"f":{},"b":{},"_coverageSchema":"1a1c01bbd47fc00a2c39e90264f33305004495a9","hash":"0765e36c425b0839f95ce63901dc6c0af9fee01c"}
,"C:\\Users\\nparvathaneni\\projects\\node-crud-api-ssql-schema\\services\\apiService.js": {"path":"C:\\Users\\nparvathaneni\\projects\\node-crud-api-ssql-schema\\services\\apiService.js","statementMap":{"0":{"start":{"line":1,"column":25},"end":{"line":1,"column":48}},"1":{"start":{"line":4,"column":16},"end":{"line":10,"column":1}},"2":{"start":{"line":5,"column":20},"end":{"line":5,"column":83}},"3":{"start":{"line":6,"column":4},"end":{"line":8,"column":5}},"4":{"start":{"line":7,"column":8},"end":{"line":7,"column":41}},"5":{"start":{"line":9,"column":4},"end":{"line":9,"column":32}},"6":{"start":{"line":13,"column":22},"end":{"line":45,"column":1}},"7":{"start":{"line":14,"column":17},"end":{"line":14,"column":26}},"8":{"start":{"line":15,"column":24},"end":{"line":15,"column":49}},"9":{"start":{"line":17,"column":4},"end":{"line":44,"column":5}},"10":{"start":{"line":18,"column":8},"end":{"line":18,"column":34}},"11":{"start":{"line":20,"column":27},"end":{"line":28,"column":9}},"12":{"start":{"line":30,"column":23},"end":{"line":30,"column":49}},"13":{"start":{"line":32,"column":8},"end":{"line":36,"column":10}},"14":{"start":{"line":38,"column":8},"end":{"line":38,"column":35}},"15":{"start":{"line":39,"column":8},"end":{"line":39,"column":54}},"16":{"start":{"line":42,"column":8},"end":{"line":42,"column":37}},"17":{"start":{"line":43,"column":8},"end":{"line":43,"column":18}},"18":{"start":{"line":48,"column":22},"end":{"line":80,"column":1}},"19":{"start":{"line":49,"column":17},"end":{"line":49,"column":26}},"20":{"start":{"line":50,"column":24},"end":{"line":50,"column":49}},"21":{"start":{"line":52,"column":4},"end":{"line":79,"column":5}},"22":{"start":{"line":53,"column":8},"end":{"line":53,"column":34}},"23":{"start":{"line":55,"column":27},"end":{"line":63,"column":9}},"24":{"start":{"line":65,"column":23},"end":{"line":65,"column":49}},"25":{"start":{"line":67,"column":8},"end":{"line":71,"column":10}},"26":{"start":{"line":73,"column":8},"end":{"line":73,"column":35}},"27":{"start":{"line":74,"column":8},"end":{"line":74,"column":54}},"28":{"start":{"line":77,"column":8},"end":{"line":77,"column":37}},"29":{"start":{"line":78,"column":8},"end":{"line":78,"column":18}},"30":{"start":{"line":83,"column":21},"end":{"line":95,"column":1}},"31":{"start":{"line":84,"column":4},"end":{"line":92,"column":6}},"32":{"start":{"line":94,"column":4},"end":{"line":94,"column":41}},"33":{"start":{"line":98,"column":22},"end":{"line":121,"column":1}},"34":{"start":{"line":99,"column":19},"end":{"line":102,"column":5}},"35":{"start":{"line":104,"column":21},"end":{"line":108,"column":5}},"36":{"start":{"line":110,"column":4},"end":{"line":112,"column":5}},"37":{"start":{"line":111,"column":8},"end":{"line":111,"column":52}},"38":{"start":{"line":114,"column":4},"end":{"line":118,"column":6}},"39":{"start":{"line":120,"column":4},"end":{"line":120,"column":48}},"40":{"start":{"line":124,"column":22},"end":{"line":135,"column":1}},"41":{"start":{"line":125,"column":4},"end":{"line":132,"column":6}},"42":{"start":{"line":134,"column":4},"end":{"line":134,"column":43}},"43":{"start":{"line":137,"column":20},"end":{"line":149,"column":1}},"44":{"start":{"line":138,"column":19},"end":{"line":146,"column":6}},"45":{"start":{"line":148,"column":4},"end":{"line":148,"column":28}},"46":{"start":{"line":151,"column":20},"end":{"line":163,"column":1}},"47":{"start":{"line":152,"column":19},"end":{"line":160,"column":6}},"48":{"start":{"line":162,"column":4},"end":{"line":162,"column":28}},"49":{"start":{"line":165,"column":19},"end":{"line":182,"column":1}},"50":{"start":{"line":166,"column":19},"end":{"line":179,"column":6}},"51":{"start":{"line":181,"column":4},"end":{"line":181,"column":28}},"52":{"start":{"line":184,"column":0},"end":{"line":193,"column":2}}},"fnMap":{"0":{"name":"(anonymous_0)","decl":{"start":{"line":4,"column":16},"end":{"line":4,"column":17}},"loc":{"start":{"line":4,"column":61},"end":{"line":10,"column":1}},"line":4},"1":{"name":"(anonymous_1)","decl":{"start":{"line":13,"column":22},"end":{"line":13,"column":23}},"loc":{"start":{"line":13,"column":38},"end":{"line":45,"column":1}},"line":13},"2":{"name":"(anonymous_2)","decl":{"start":{"line":48,"column":22},"end":{"line":48,"column":23}},"loc":{"start":{"line":48,"column":38},"end":{"line":80,"column":1}},"line":48},"3":{"name":"(anonymous_3)","decl":{"start":{"line":83,"column":21},"end":{"line":83,"column":22}},"loc":{"start":{"line":83,"column":37},"end":{"line":95,"column":1}},"line":83},"4":{"name":"(anonymous_4)","decl":{"start":{"line":98,"column":22},"end":{"line":98,"column":23}},"loc":{"start":{"line":98,"column":53},"end":{"line":121,"column":1}},"line":98},"5":{"name":"(anonymous_5)","decl":{"start":{"line":124,"column":22},"end":{"line":124,"column":23}},"loc":{"start":{"line":124,"column":53},"end":{"line":135,"column":1}},"line":124},"6":{"name":"(anonymous_6)","decl":{"start":{"line":137,"column":20},"end":{"line":137,"column":21}},"loc":{"start":{"line":137,"column":32},"end":{"line":149,"column":1}},"line":137},"7":{"name":"(anonymous_7)","decl":{"start":{"line":151,"column":20},"end":{"line":151,"column":21}},"loc":{"start":{"line":151,"column":32},"end":{"line":163,"column":1}},"line":151},"8":{"name":"(anonymous_8)","decl":{"start":{"line":165,"column":19},"end":{"line":165,"column":20}},"loc":{"start":{"line":165,"column":31},"end":{"line":182,"column":1}},"line":165}},"branchMap":{"0":{"loc":{"start":{"line":4,"column":45},"end":{"line":4,"column":56}},"type":"default-arg","locations":[{"start":{"line":4,"column":54},"end":{"line":4,"column":56}}],"line":4},"1":{"loc":{"start":{"line":5,"column":20},"end":{"line":5,"column":83}},"type":"cond-expr","locations":[{"start":{"line":5,"column":44},"end":{"line":5,"column":67}},{"start":{"line":5,"column":70},"end":{"line":5,"column":83}}],"line":5},"2":{"loc":{"start":{"line":110,"column":4},"end":{"line":112,"column":5}},"type":"if","locations":[{"start":{"line":110,"column":4},"end":{"line":112,"column":5}},{"start":{},"end":{}}],"line":110}},"s":{"0":1,"1":1,"2":13,"3":13,"4":22,"5":13,"6":1,"7":2,"8":2,"9":2,"10":2,"11":2,"12":1,"13":1,"14":1,"15":1,"16":1,"17":1,"18":1,"19":1,"20":1,"21":1,"22":1,"23":1,"24":1,"25":1,"26":1,"27":1,"28":0,"29":0,"30":1,"31":1,"32":1,"33":1,"34":2,"35":2,"36":2,"37":1,"38":1,"39":1,"40":1,"41":1,"42":1,"43":1,"44":1,"45":1,"46":1,"47":1,"48":1,"49":1,"50":1,"51":1,"52":1},"f":{"0":13,"1":2,"2":1,"3":1,"4":2,"5":1,"6":1,"7":1,"8":1},"b":{"0":[3],"1":[8,5],"2":[1,1]},"_coverageSchema":"1a1c01bbd47fc00a2c39e90264f33305004495a9","hash":"cf8206e241e4068f097bb3b177f6f63c77c79acc"}
}
