TN:
SF:app.js
FN:14,(anonymous_0)
FNF:1
FNH:1
FNDA:1,(anonymous_0)
DA:1,1
DA:2,1
DA:3,1
DA:5,1
DA:7,1
DA:9,1
DA:10,1
DA:12,1
DA:14,1
DA:15,1
DA:18,1
LF:11
LH:11
BRF:0
BRH:0
end_of_record
TN:
SF:config\db.js
FN:16,(anonymous_0)
FN:25,(anonymous_1)
FNF:2
FNH:2
FNDA:1,(anonymous_0)
FNDA:2,(anonymous_1)
DA:1,2
DA:2,2
DA:3,2
DA:16,2
DA:17,1
DA:18,1
DA:19,1
DA:21,0
DA:25,2
DA:26,2
DA:27,1
DA:30,2
LF:12
LH:11
BRDA:26,0,0,1
BRDA:26,0,1,1
BRF:2
BRH:2
end_of_record
TN:
SF:controllers\index.js
FN:3,(anonymous_0)
FN:12,(anonymous_1)
FN:21,(anonymous_2)
FN:30,(anonymous_3)
FN:47,(anonymous_4)
FN:64,(anonymous_5)
FN:73,(anonymous_6)
FN:82,(anonymous_7)
FNF:8
FNH:8
FNDA:2,(anonymous_0)
FNDA:2,(anonymous_1)
FNDA:1,(anonymous_2)
FNDA:4,(anonymous_3)
FNDA:4,(anonymous_4)
FNDA:2,(anonymous_5)
FNDA:1,(anonymous_6)
FNDA:3,(anonymous_7)
DA:1,2
DA:3,2
DA:4,2
DA:5,2
DA:6,2
DA:8,0
DA:12,2
DA:13,2
DA:14,2
DA:15,1
DA:17,1
DA:21,2
DA:22,1
DA:23,1
DA:24,1
DA:26,0
DA:30,2
DA:31,4
DA:33,4
DA:34,4
DA:36,4
DA:37,2
DA:40,2
DA:41,2
DA:43,0
DA:47,2
DA:48,4
DA:50,4
DA:51,4
DA:53,4
DA:54,2
DA:57,2
DA:58,2
DA:60,0
DA:64,2
DA:65,2
DA:66,2
DA:67,2
DA:69,0
DA:73,2
DA:74,1
DA:75,1
DA:76,1
DA:78,0
DA:82,2
DA:83,3
DA:84,3
DA:85,1
DA:87,2
DA:91,2
LF:50
LH:44
BRDA:36,0,0,2
BRDA:36,0,1,2
BRDA:36,1,0,4
BRDA:36,1,1,2
BRDA:53,2,0,2
BRDA:53,2,1,2
BRDA:53,3,0,4
BRDA:53,3,1,3
BRF:8
BRH:8
end_of_record
TN:
SF:routes\index.js
FNF:0
FNH:0
DA:1,1
DA:2,1
DA:13,1
DA:15,1
DA:16,1
DA:17,1
DA:19,1
DA:20,1
DA:21,1
DA:23,1
DA:25,1
DA:27,1
LF:12
LH:12
BRF:0
BRH:0
end_of_record
TN:
SF:services\apiService.js
FN:4,(anonymous_0)
FN:13,(anonymous_1)
FN:48,(anonymous_2)
FN:83,(anonymous_3)
FN:98,(anonymous_4)
FN:124,(anonymous_5)
FN:137,(anonymous_6)
FN:151,(anonymous_7)
FN:165,(anonymous_8)
FNF:9
FNH:9
FNDA:13,(anonymous_0)
FNDA:2,(anonymous_1)
FNDA:1,(anonymous_2)
FNDA:1,(anonymous_3)
FNDA:2,(anonymous_4)
FNDA:1,(anonymous_5)
FNDA:1,(anonymous_6)
FNDA:1,(anonymous_7)
FNDA:1,(anonymous_8)
DA:1,1
DA:4,1
DA:5,13
DA:6,13
DA:7,22
DA:9,13
DA:13,1
DA:14,2
DA:15,2
DA:17,2
DA:18,2
DA:20,2
DA:30,1
DA:32,1
DA:38,1
DA:39,1
DA:42,1
DA:43,1
DA:48,1
DA:49,1
DA:50,1
DA:52,1
DA:53,1
DA:55,1
DA:65,1
DA:67,1
DA:73,1
DA:74,1
DA:77,0
DA:78,0
DA:83,1
DA:84,1
DA:94,1
DA:98,1
DA:99,2
DA:104,2
DA:110,2
DA:111,1
DA:114,1
DA:120,1
DA:124,1
DA:125,1
DA:134,1
DA:137,1
DA:138,1
DA:148,1
DA:151,1
DA:152,1
DA:162,1
DA:165,1
DA:166,1
DA:181,1
DA:184,1
LF:53
LH:51
BRDA:4,0,0,3
BRDA:5,1,0,8
BRDA:5,1,1,5
BRDA:110,2,0,1
BRDA:110,2,1,1
BRF:5
BRH:5
end_of_record
